2016-04-20 22:21:07 INFO  LogLog4j:32 - Logging in
2016-04-20 22:21:13 INFO  LogLog4j:35 - Assert on error message passed
2016-04-20 22:21:13 INFO  LogLog4j:32 - Logging in
2016-04-20 22:21:14 INFO  LogLog4j:35 - Assert on error message passed
2016-04-20 23:06:39 INFO  LogLog4j:41 - 
2016-04-20 23:10:57 INFO  LogLog4j:41 - 
2016-04-20 23:36:47 INFO  LogLog4j:41 - 
2016-04-20 23:37:32 INFO  LogLog4j:32 - Logging in
2016-04-20 23:37:33 INFO  LogLog4j:35 - Assert on error message passed
2016-04-20 23:37:33 INFO  LogLog4j:32 - Logging in
2016-04-20 23:37:34 INFO  LogLog4j:35 - Assert on error message passed
2016-04-20 23:39:55 INFO  LogLog4j:43 - 
2016-04-20 23:52:58 INFO  LogLog4j:43 - 
2016-04-21 10:30:06 INFO  LogLog4j:34 - Logging in
2016-04-21 10:30:07 INFO  LogLog4j:37 - Assert on error message passed
2016-04-21 10:30:07 INFO  LogLog4j:34 - Logging in
2016-04-21 10:30:08 INFO  LogLog4j:37 - Assert on error message passed
2016-04-21 10:44:17 INFO  LogLog4j:34 - Logging in
2016-04-21 10:44:18 INFO  LogLog4j:37 - Assert on error message passed
2016-04-21 10:44:18 INFO  LogLog4j:34 - Logging in
2016-04-21 10:44:19 INFO  LogLog4j:37 - Assert on error message passed
2016-04-21 14:16:56 INFO  LogLog4j:34 - Logging in
2016-04-21 14:16:57 INFO  LogLog4j:37 - Assert on error message passed
2016-04-21 14:55:21 INFO  LogLog4j:34 - Logging in
2016-04-21 14:55:22 INFO  LogLog4j:37 - Assert on error message passed
2016-04-21 15:03:56 INFO  LogLog4j:34 - Logging in
2016-04-21 15:03:57 INFO  LogLog4j:37 - Assert on error message passed
2016-04-21 16:31:37 INFO  LogLog4j:34 - Logging in
2016-04-21 16:31:38 INFO  LogLog4j:37 - Assert on error message passed
2016-04-21 20:51:54 INFO  LogLog4j:34 - Logging in
2016-04-21 20:51:55 INFO  LogLog4j:37 - Assert on error message passed
2016-04-21 20:55:18 INFO  LogLog4j:34 - Logging in
2016-04-21 20:55:19 INFO  LogLog4j:37 - Assert on error message passed
2016-04-21 22:28:54 INFO  LogLog4j:34 - Logging in
2016-04-21 22:28:55 INFO  LogLog4j:37 - Assert on error message passed
2016-04-21 22:53:38 INFO  LogLog4j:39 - fill Login with positive data
2016-04-21 22:55:22 INFO  LogLog4j:37 - fill Login with positive data
2016-04-21 22:55:45 INFO  LogLog4j:41 - Assert on username passed
2016-04-21 22:56:17 INFO  LogLog4j:28 - Logging in negative
2016-04-21 22:56:23 INFO  LogLog4j:31 - Assert on error message passed
2016-04-21 23:08:36 INFO  LogLog4j:132 - set Category Text Field with 1
2016-04-22 06:12:29 INFO  LogLog4j:132 - set Category Text Field with 1
2016-04-22 06:14:10 INFO  LogLog4j:28 - Logging in negative
2016-04-22 06:14:11 INFO  LogLog4j:31 - Assert on error message passed
2016-04-22 06:14:11 INFO  LogLog4j:37 - fill Login with positive data
2016-04-22 06:16:25 INFO  LogLog4j:28 - Logging in negative
2016-04-22 06:16:27 INFO  LogLog4j:31 - Assert on error message passed
2016-04-22 06:16:27 INFO  LogLog4j:37 - fill Login with positive data
2016-04-22 06:16:40 INFO  LogLog4j:41 - Assert on username passed
2016-04-22 06:18:04 INFO  LogLog4j:132 - set Category Text Field with 1
2016-04-22 06:21:54 INFO  LogLog4j:28 - Logging in negative
2016-04-22 06:21:56 INFO  LogLog4j:31 - Assert on error message passed
2016-04-22 06:21:56 INFO  LogLog4j:37 - fill Login with positive data
2016-04-22 06:22:10 INFO  LogLog4j:41 - Assert on username passed
2016-04-22 06:23:34 INFO  LogLog4j:132 - set Category Text Field with 1
